Analysis & Synthesis report for ULA
Sun Nov 04 17:20:15 2018
Quartus II Version 9.1 Build 350 03/24/2010 Service Pack 2 SJ Web Edition


---------------------
; Table of Contents ;
---------------------
  1. Legal Notice
  2. Analysis & Synthesis Summary
  3. Analysis & Synthesis Settings
  4. Parallel Compilation
  5. Analysis & Synthesis Source Files Read
  6. Analysis & Synthesis Resource Usage Summary
  7. Analysis & Synthesis Resource Utilization by Entity
  8. General Register Statistics
  9. Analysis & Synthesis Messages



----------------
; Legal Notice ;
----------------
Copyright (C) 1991-2010 Altera Corporation
Your use of Altera Corporation's design tools, logic functions 
and other software and tools, and its AMPP partner logic 
functions, and any output files from any of the foregoing 
(including device programming or simulation files), and any 
associated documentation or information are expressly subject 
to the terms and conditions of the Altera Program License 
Subscription Agreement, Altera MegaCore Function License 
Agreement, or other applicable license agreement, including, 
without limitation, that your use is for the sole purpose of 
programming logic devices manufactured by Altera and sold by 
Altera or its authorized distributors.  Please refer to the 
applicable agreement for further details.



+------------------------------------------------------------------------------+
; Analysis & Synthesis Summary                                                 ;
+-------------------------------+----------------------------------------------+
; Analysis & Synthesis Status   ; Successful - Sun Nov 04 17:20:15 2018        ;
; Quartus II Version            ; 9.1 Build 350 03/24/2010 SP 2 SJ Web Edition ;
; Revision Name                 ; ULA                                          ;
; Top-level Entity Name         ; conversor_ula                                ;
; Family                        ; Stratix II                                   ;
; Logic utilization             ; N/A                                          ;
;     Combinational ALUTs       ; 7                                            ;
;     Dedicated logic registers ; 0                                            ;
; Total registers               ; 0                                            ;
; Total pins                    ; 12                                           ;
; Total virtual pins            ; 0                                            ;
; Total block memory bits       ; 0                                            ;
; DSP block 9-bit elements      ; 0                                            ;
; Total PLLs                    ; 0                                            ;
; Total DLLs                    ; 0                                            ;
+-------------------------------+----------------------------------------------+


+----------------------------------------------------------------------------------------------------------------------+
; Analysis & Synthesis Settings                                                                                        ;
+----------------------------------------------------------------------------+--------------------+--------------------+
; Option                                                                     ; Setting            ; Default Value      ;
+----------------------------------------------------------------------------+--------------------+--------------------+
; Top-level entity name                                                      ; conversor_ula      ; ULA                ;
; Family name                                                                ; Stratix II         ; Stratix II         ;
; Use Generated Physical Constraints File                                    ; Off                ;                    ;
; Use smart compilation                                                      ; Off                ; Off                ;
; Enable parallel Assembler and TimeQuest Timing Analyzer during compilation ; On                 ; On                 ;
; Enable compact report table                                                ; Off                ; Off                ;
; Restructure Multiplexers                                                   ; Auto               ; Auto               ;
; Create Debugging Nodes for IP Cores                                        ; Off                ; Off                ;
; Preserve fewer node names                                                  ; On                 ; On                 ;
; Disable OpenCore Plus hardware evaluation                                  ; Off                ; Off                ;
; Verilog Version                                                            ; Verilog_2001       ; Verilog_2001       ;
; VHDL Version                                                               ; VHDL_1993          ; VHDL_1993          ;
; State Machine Processing                                                   ; Auto               ; Auto               ;
; Safe State Machine                                                         ; Off                ; Off                ;
; Extract Verilog State Machines                                             ; On                 ; On                 ;
; Extract VHDL State Machines                                                ; On                 ; On                 ;
; Ignore Verilog initial constructs                                          ; Off                ; Off                ;
; Iteration limit for constant Verilog loops                                 ; 5000               ; 5000               ;
; Iteration limit for non-constant Verilog loops                             ; 250                ; 250                ;
; Add Pass-Through Logic to Inferred RAMs                                    ; On                 ; On                 ;
; Parallel Synthesis                                                         ; On                 ; On                 ;
; DSP Block Balancing                                                        ; Auto               ; Auto               ;
; NOT Gate Push-Back                                                         ; On                 ; On                 ;
; Power-Up Don't Care                                                        ; On                 ; On                 ;
; Remove Redundant Logic Cells                                               ; Off                ; Off                ;
; Remove Duplicate Registers                                                 ; On                 ; On                 ;
; Ignore CARRY Buffers                                                       ; Off                ; Off                ;
; Ignore CASCADE Buffers                                                     ; Off                ; Off                ;
; Ignore GLOBAL Buffers                                                      ; Off                ; Off                ;
; Ignore ROW GLOBAL Buffers                                                  ; Off                ; Off                ;
; Ignore LCELL Buffers                                                       ; Off                ; Off                ;
; Ignore SOFT Buffers                                                        ; On                 ; On                 ;
; Limit AHDL Integers to 32 Bits                                             ; Off                ; Off                ;
; Optimization Technique                                                     ; Balanced           ; Balanced           ;
; Carry Chain Length                                                         ; 70                 ; 70                 ;
; Auto Carry Chains                                                          ; On                 ; On                 ;
; Auto Open-Drain Pins                                                       ; On                 ; On                 ;
; Perform WYSIWYG Primitive Resynthesis                                      ; Off                ; Off                ;
; Auto ROM Replacement                                                       ; On                 ; On                 ;
; Auto RAM Replacement                                                       ; On                 ; On                 ;
; Auto DSP Block Replacement                                                 ; On                 ; On                 ;
; Auto Shift Register Replacement                                            ; Auto               ; Auto               ;
; Auto Clock Enable Replacement                                              ; On                 ; On                 ;
; Strict RAM Replacement                                                     ; Off                ; Off                ;
; Allow Synchronous Control Signals                                          ; On                 ; On                 ;
; Force Use of Synchronous Clear Signals                                     ; Off                ; Off                ;
; Auto RAM Block Balancing                                                   ; On                 ; On                 ;
; Auto RAM to Logic Cell Conversion                                          ; Off                ; Off                ;
; Auto Resource Sharing                                                      ; Off                ; Off                ;
; Allow Any RAM Size For Recognition                                         ; Off                ; Off                ;
; Allow Any ROM Size For Recognition                                         ; Off                ; Off                ;
; Allow Any Shift Register Size For Recognition                              ; Off                ; Off                ;
; Use LogicLock Constraints during Resource Balancing                        ; On                 ; On                 ;
; Ignore translate_off and synthesis_off directives                          ; Off                ; Off                ;
; Timing-Driven Synthesis                                                    ; Off                ; Off                ;
; Show Parameter Settings Tables in Synthesis Report                         ; On                 ; On                 ;
; Ignore Maximum Fan-Out Assignments                                         ; Off                ; Off                ;
; Synchronization Register Chain Length                                      ; 2                  ; 2                  ;
; PowerPlay Power Optimization                                               ; Normal compilation ; Normal compilation ;
; HDL message level                                                          ; Level2             ; Level2             ;
; Suppress Register Optimization Related Messages                            ; Off                ; Off                ;
; Number of Removed Registers Reported in Synthesis Report                   ; 5000               ; 5000               ;
; Number of Inverted Registers Reported in Synthesis Report                  ; 100                ; 100                ;
; Clock MUX Protection                                                       ; On                 ; On                 ;
; Auto Gated Clock Conversion                                                ; Off                ; Off                ;
; Block Design Naming                                                        ; Auto               ; Auto               ;
; SDC constraint protection                                                  ; Off                ; Off                ;
; Synthesis Effort                                                           ; Auto               ; Auto               ;
; Shift Register Replacement - Allow Asynchronous Clear Signal               ; On                 ; On                 ;
; Analysis & Synthesis Message Level                                         ; Medium             ; Medium             ;
; Disable Register Merging Across Hierarchies                                ; Auto               ; Auto               ;
; Resource Aware Inference For Block RAM                                     ; On                 ; On                 ;
+----------------------------------------------------------------------------+--------------------+--------------------+


+------------------------------------------+
; Parallel Compilation                     ;
+----------------------------+-------------+
; Processors                 ; Number      ;
+----------------------------+-------------+
; Number detected on machine ; 4           ;
; Maximum allowed            ; 4           ;
;                            ;             ;
; Average used               ; 1.00        ;
; Maximum used               ; 1           ;
;                            ;             ;
; Usage by Processor         ; % Time Used ;
;     1 processor            ; 100.0%      ;
;     2-4 processors         ;   0.0%      ;
+----------------------------+-------------+


+------------------------------------------------------------------------------------------------------------------------------------------------------------------------------------------------------+
; Analysis & Synthesis Source Files Read                                                                                                                                                               ;
+--------------------------------------------------------+-----------------+------------------------------------+--------------------------------------------------------------------------------------+
; File Name with User-Entered Path                       ; Used in Netlist ; File Type                          ; File Name with Absolute Path                                                         ;
+--------------------------------------------------------+-----------------+------------------------------------+--------------------------------------------------------------------------------------+
; ../ULA (aquivos projeto)/display_ULA/conversor_ula.bdf ; yes             ; User Block Diagram/Schematic File  ; C:/Users/bmgs/Desktop/projeto_sd/ULA (aquivos projeto)/display_ULA/conversor_ula.bdf ;
; ../ULA (aquivos projeto)/display_ULA/display_ula.bdf   ; yes             ; User Block Diagram/Schematic File  ; C:/Users/bmgs/Desktop/projeto_sd/ULA (aquivos projeto)/display_ULA/display_ula.bdf   ;
; ../ULA (aquivos projeto)/display_ULA/led_a.bdf         ; yes             ; User Block Diagram/Schematic File  ; C:/Users/bmgs/Desktop/projeto_sd/ULA (aquivos projeto)/display_ULA/led_a.bdf         ;
; ../ULA (aquivos projeto)/display_ULA/led_b.bdf         ; yes             ; User Block Diagram/Schematic File  ; C:/Users/bmgs/Desktop/projeto_sd/ULA (aquivos projeto)/display_ULA/led_b.bdf         ;
; ../ULA (aquivos projeto)/display_ULA/led_c.bdf         ; yes             ; User Block Diagram/Schematic File  ; C:/Users/bmgs/Desktop/projeto_sd/ULA (aquivos projeto)/display_ULA/led_c.bdf         ;
; ../ULA (aquivos projeto)/display_ULA/led_d.bdf         ; yes             ; User Block Diagram/Schematic File  ; C:/Users/bmgs/Desktop/projeto_sd/ULA (aquivos projeto)/display_ULA/led_d.bdf         ;
; ../ULA (aquivos projeto)/display_ULA/led_e.bdf         ; yes             ; User Block Diagram/Schematic File  ; C:/Users/bmgs/Desktop/projeto_sd/ULA (aquivos projeto)/display_ULA/led_e.bdf         ;
; ../ULA (aquivos projeto)/display_ULA/led_f.bdf         ; yes             ; User Block Diagram/Schematic File  ; C:/Users/bmgs/Desktop/projeto_sd/ULA (aquivos projeto)/display_ULA/led_f.bdf         ;
; ../ULA (aquivos projeto)/display_ULA/led_g.bdf         ; yes             ; User Block Diagram/Schematic File  ; C:/Users/bmgs/Desktop/projeto_sd/ULA (aquivos projeto)/display_ULA/led_g.bdf         ;
+--------------------------------------------------------+-----------------+------------------------------------+--------------------------------------------------------------------------------------+


+------------------------------------------------------------+
; Analysis & Synthesis Resource Usage Summary                ;
+-----------------------------------------------+------------+
; Resource                                      ; Usage      ;
+-----------------------------------------------+------------+
; Estimated ALUTs Used                          ; 7          ;
; Dedicated logic registers                     ; 0          ;
;                                               ;            ;
; Estimated ALUTs Unavailable                   ; 0          ;
;                                               ;            ;
; Total combinational functions                 ; 7          ;
; Combinational ALUT usage by number of inputs  ;            ;
;     -- 7 input functions                      ; 0          ;
;     -- 6 input functions                      ; 0          ;
;     -- 5 input functions                      ; 0          ;
;     -- 4 input functions                      ; 0          ;
;     -- <=3 input functions                    ; 7          ;
;                                               ;            ;
; Combinational ALUTs by mode                   ;            ;
;     -- normal mode                            ; 7          ;
;     -- extended LUT mode                      ; 0          ;
;     -- arithmetic mode                        ; 0          ;
;     -- shared arithmetic mode                 ; 0          ;
;                                               ;            ;
; Estimated ALUT/register pairs used            ; 7          ;
;                                               ;            ;
; Total registers                               ; 0          ;
;     -- Dedicated logic registers              ; 0          ;
;     -- I/O registers                          ; 0          ;
;                                               ;            ;
; Estimated ALMs:  partially or completely used ; 4          ;
;                                               ;            ;
; I/O pins                                      ; 12         ;
; Maximum fan-out node                          ; Entrada[2] ;
; Maximum fan-out                               ; 7          ;
; Total fan-out                                 ; 29         ;
; Average fan-out                               ; 1.53       ;
+-----------------------------------------------+------------+


+-----------------------------------------------------------------------------------------------------------------------------------------------------------------------------------------------------------------------+
; Analysis & Synthesis Resource Utilization by Entity                                                                                                                                                                   ;
+----------------------------+-------------------+--------------+-------------------+--------------+---------+-----------+-----------+------+--------------+---------------------------------------------+--------------+
; Compilation Hierarchy Node ; LC Combinationals ; LC Registers ; Block Memory Bits ; DSP Elements ; DSP 9x9 ; DSP 18x18 ; DSP 36x36 ; Pins ; Virtual Pins ; Full Hierarchy Name                         ; Library Name ;
+----------------------------+-------------------+--------------+-------------------+--------------+---------+-----------+-----------+------+--------------+---------------------------------------------+--------------+
; |conversor_ula             ; 7 (0)             ; 0 (0)        ; 0                 ; 0            ; 0       ; 0         ; 0         ; 12   ; 0            ; |conversor_ula                              ; work         ;
;    |display_ula:inst|      ; 7 (0)             ; 0 (0)        ; 0                 ; 0            ; 0       ; 0         ; 0         ; 0    ; 0            ; |conversor_ula|display_ula:inst             ;              ;
;       |led_a:inst|         ; 1 (1)             ; 0 (0)        ; 0                 ; 0            ; 0       ; 0         ; 0         ; 0    ; 0            ; |conversor_ula|display_ula:inst|led_a:inst  ; work         ;
;       |led_b:inst1|        ; 1 (1)             ; 0 (0)        ; 0                 ; 0            ; 0       ; 0         ; 0         ; 0    ; 0            ; |conversor_ula|display_ula:inst|led_b:inst1 ; work         ;
;       |led_c:inst2|        ; 1 (1)             ; 0 (0)        ; 0                 ; 0            ; 0       ; 0         ; 0         ; 0    ; 0            ; |conversor_ula|display_ula:inst|led_c:inst2 ; work         ;
;       |led_d:inst3|        ; 1 (1)             ; 0 (0)        ; 0                 ; 0            ; 0       ; 0         ; 0         ; 0    ; 0            ; |conversor_ula|display_ula:inst|led_d:inst3 ; work         ;
;       |led_e:inst4|        ; 1 (1)             ; 0 (0)        ; 0                 ; 0            ; 0       ; 0         ; 0         ; 0    ; 0            ; |conversor_ula|display_ula:inst|led_e:inst4 ; work         ;
;       |led_f:inst5|        ; 1 (1)             ; 0 (0)        ; 0                 ; 0            ; 0       ; 0         ; 0         ; 0    ; 0            ; |conversor_ula|display_ula:inst|led_f:inst5 ; work         ;
;       |led_g:inst6|        ; 1 (1)             ; 0 (0)        ; 0                 ; 0            ; 0       ; 0         ; 0         ; 0    ; 0            ; |conversor_ula|display_ula:inst|led_g:inst6 ; work         ;
+----------------------------+-------------------+--------------+-------------------+--------------+---------+-----------+-----------+------+--------------+---------------------------------------------+--------------+
Note: For table entries with two numbers listed, the numbers in parentheses indicate the number of resources of the given type used by the specific entity alone. The numbers listed outside of parentheses indicate the total resources of the given type used by the specific entity and all of its sub-entities in the hierarchy.


+------------------------------------------------------+
; General Register Statistics                          ;
+----------------------------------------------+-------+
; Statistic                                    ; Value ;
+----------------------------------------------+-------+
; Total registers                              ; 0     ;
; Number of registers using Synchronous Clear  ; 0     ;
; Number of registers using Synchronous Load   ; 0     ;
; Number of registers using Asynchronous Clear ; 0     ;
; Number of registers using Asynchronous Load  ; 0     ;
; Number of registers using Clock Enable       ; 0     ;
; Number of registers using Preset             ; 0     ;
+----------------------------------------------+-------+


+-------------------------------+
; Analysis & Synthesis Messages ;
+-------------------------------+
Info: *******************************************************************
Info: Running Quartus II Analysis & Synthesis
    Info: Version 9.1 Build 350 03/24/2010 Service Pack 2 SJ Web Edition
    Info: Processing started: Sun Nov 04 17:20:14 2018
Info: Command: quartus_map --read_settings_files=on --write_settings_files=off ULA -c ULA
Info: Parallel compilation is enabled and will use 4 of the 4 processors detected
Info: Found 1 design units, including 1 entities, in source file /users/bmgs/desktop/projeto_sd/ula (aquivos projeto)/display_ula/conversor_ula.bdf
    Info: Found entity 1: conversor_ula
Info: Found 1 design units, including 1 entities, in source file /users/bmgs/desktop/projeto_sd/ula (aquivos projeto)/display_ula/display_ula.bdf
    Info: Found entity 1: display_ula
Info: Found 1 design units, including 1 entities, in source file /users/bmgs/desktop/projeto_sd/ula (aquivos projeto)/display_ula/led_a.bdf
    Info: Found entity 1: led_a
Info: Found 1 design units, including 1 entities, in source file /users/bmgs/desktop/projeto_sd/ula (aquivos projeto)/display_ula/led_b.bdf
    Info: Found entity 1: led_b
Info: Found 1 design units, including 1 entities, in source file /users/bmgs/desktop/projeto_sd/ula (aquivos projeto)/display_ula/led_c.bdf
    Info: Found entity 1: led_c
Info: Found 1 design units, including 1 entities, in source file /users/bmgs/desktop/projeto_sd/ula (aquivos projeto)/display_ula/led_d.bdf
    Info: Found entity 1: led_d
Info: Found 1 design units, including 1 entities, in source file /users/bmgs/desktop/projeto_sd/ula (aquivos projeto)/display_ula/led_e.bdf
    Info: Found entity 1: led_e
Info: Found 1 design units, including 1 entities, in source file /users/bmgs/desktop/projeto_sd/ula (aquivos projeto)/display_ula/led_f.bdf
    Info: Found entity 1: led_f
Info: Found 1 design units, including 1 entities, in source file /users/bmgs/desktop/projeto_sd/ula (aquivos projeto)/display_ula/led_g.bdf
    Info: Found entity 1: led_g
Info: Found 1 design units, including 1 entities, in source file /users/bmgs/desktop/projeto_sd/ula (aquivos projeto)/and4bit.bdf
    Info: Found entity 1: And4Bit
Info: Found 1 design units, including 1 entities, in source file /users/bmgs/desktop/projeto_sd/ula (aquivos projeto)/anothermux.bdf
    Info: Found entity 1: AnotherMux
Info: Found 1 design units, including 1 entities, in source file /users/bmgs/desktop/projeto_sd/ula (aquivos projeto)/complemento2.bdf
    Info: Found entity 1: Complemento2
Info: Found 1 design units, including 1 entities, in source file /users/bmgs/desktop/projeto_sd/ula (aquivos projeto)/igual4bits.bdf
    Info: Found entity 1: Igual4Bits
Info: Found 1 design units, including 1 entities, in source file /users/bmgs/desktop/projeto_sd/ula (aquivos projeto)/maior_menor.bdf
    Info: Found entity 1: Maior_Menor
Info: Found 1 design units, including 1 entities, in source file /users/bmgs/desktop/projeto_sd/ula (aquivos projeto)/maiorq1bit.bdf
    Info: Found entity 1: MaiorQ1Bit
Info: Found 1 design units, including 1 entities, in source file /users/bmgs/desktop/projeto_sd/ula (aquivos projeto)/maiorq3bit.bdf
    Info: Found entity 1: MaiorQ3Bit
Info: Found 1 design units, including 1 entities, in source file /users/bmgs/desktop/projeto_sd/ula (aquivos projeto)/mux3to1.bdf
    Info: Found entity 1: Mux3to1
Info: Found 1 design units, including 1 entities, in source file /users/bmgs/desktop/projeto_sd/ula (aquivos projeto)/mux5to1.bdf
    Info: Found entity 1: Mux5to1
Info: Found 1 design units, including 1 entities, in source file /users/bmgs/desktop/projeto_sd/ula (aquivos projeto)/muxcomparadores.bdf
    Info: Found entity 1: MuxComparadores
Info: Found 1 design units, including 1 entities, in source file /users/bmgs/desktop/projeto_sd/ula (aquivos projeto)/outromux.bdf
    Info: Found entity 1: OutroMux
Info: Found 1 design units, including 1 entities, in source file /users/bmgs/desktop/projeto_sd/ula (aquivos projeto)/signal.bdf
    Info: Found entity 1: Signal
Info: Found 1 design units, including 1 entities, in source file /users/bmgs/desktop/projeto_sd/ula (aquivos projeto)/sum_sub.bdf
    Info: Found entity 1: Sum_Sub
Info: Found 1 design units, including 1 entities, in source file /users/bmgs/desktop/projeto_sd/ula (aquivos projeto)/sum4bit.bdf
    Info: Found entity 1: Sum4Bit
Info: Found 1 design units, including 1 entities, in source file /users/bmgs/desktop/projeto_sd/ula (aquivos projeto)/sumbitbit.bdf
    Info: Found entity 1: SumBitBit
Info: Found 1 design units, including 1 entities, in source file /users/bmgs/desktop/projeto_sd/ula (aquivos projeto)/ulator.bdf
    Info: Found entity 1: ULATOR
Info: Found 1 design units, including 1 entities, in source file /users/bmgs/desktop/projeto_sd/ula (aquivos projeto)/xor4bits.bdf
    Info: Found entity 1: XOR4Bits
Info: Found 1 design units, including 1 entities, in source file ula.bdf
    Info: Found entity 1: ULA
Info: Found 1 design units, including 1 entities, in source file main.bdf
    Info: Found entity 1: MAIN
Info: Elaborating entity "conversor_ula" for the top level hierarchy
Info: Elaborating entity "display_ula" for hierarchy "display_ula:inst"
Info: Elaborating entity "led_a" for hierarchy "display_ula:inst|led_a:inst"
Info: Elaborating entity "led_b" for hierarchy "display_ula:inst|led_b:inst1"
Info: Elaborating entity "led_c" for hierarchy "display_ula:inst|led_c:inst2"
Info: Elaborating entity "led_d" for hierarchy "display_ula:inst|led_d:inst3"
Info: Elaborating entity "led_e" for hierarchy "display_ula:inst|led_e:inst4"
Info: Elaborating entity "led_f" for hierarchy "display_ula:inst|led_f:inst5"
Info: Elaborating entity "led_g" for hierarchy "display_ula:inst|led_g:inst6"
Info: Implemented 19 device resources after synthesis - the final resource count might be different
    Info: Implemented 4 input pins
    Info: Implemented 8 output pins
    Info: Implemented 7 logic cells
Info: Quartus II Analysis & Synthesis was successful. 0 errors, 0 warnings
    Info: Peak virtual memory: 249 megabytes
    Info: Processing ended: Sun Nov 04 17:20:15 2018
    Info: Elapsed time: 00:00:01
    Info: Total CPU time (on all processors): 00:00:02


