Classic Timing Analyzer report for ULA
Sun Nov 04 17:20:22 2018
Quartus II Version 9.1 Build 350 03/24/2010 Service Pack 2 SJ Web Edition


---------------------
; Table of Contents ;
---------------------
  1. Legal Notice
  2. Timing Analyzer Summary
  3. Timing Analyzer Settings
  4. Parallel Compilation
  5. tpd
  6. Timing Analyzer Messages



----------------
; Legal Notice ;
----------------
Copyright (C) 1991-2010 Altera Corporation
Your use of Altera Corporation's design tools, logic functions 
and other software and tools, and its AMPP partner logic 
functions, and any output files from any of the foregoing 
(including device programming or simulation files), and any 
associated documentation or information are expressly subject 
to the terms and conditions of the Altera Program License 
Subscription Agreement, Altera MegaCore Function License 
Agreement, or other applicable license agreement, including, 
without limitation, that your use is for the sole purpose of 
programming logic devices manufactured by Altera and sold by 
Altera or its authorized distributors.  Please refer to the 
applicable agreement for further details.



+------------------------------------------------------------------------------------------------------------------------------------+
; Timing Analyzer Summary                                                                                                            ;
+------------------------------+-------+---------------+-------------+------------+-----------+------------+----------+--------------+
; Type                         ; Slack ; Required Time ; Actual Time ; From       ; To        ; From Clock ; To Clock ; Failed Paths ;
+------------------------------+-------+---------------+-------------+------------+-----------+------------+----------+--------------+
; Worst-case tpd               ; N/A   ; None          ; 10.316 ns   ; Entrada[1] ; numero[0] ; --         ; --       ; 0            ;
; Total number of failed paths ;       ;               ;             ;            ;           ;            ;          ; 0            ;
+------------------------------+-------+---------------+-------------+------------+-----------+------------+----------+--------------+


+-----------------------------------------------------------------------------------------------------------------------------------------------------+
; Timing Analyzer Settings                                                                                                                            ;
+------------------------------------------------------------------------------------------------------+--------------------+------+----+-------------+
; Option                                                                                               ; Setting            ; From ; To ; Entity Name ;
+------------------------------------------------------------------------------------------------------+--------------------+------+----+-------------+
; Device Name                                                                                          ; EP2S15F484C3       ;      ;    ;             ;
; Timing Models                                                                                        ; Final              ;      ;    ;             ;
; Default hold multicycle                                                                              ; Same as Multicycle ;      ;    ;             ;
; Cut paths between unrelated clock domains                                                            ; On                 ;      ;    ;             ;
; Cut off read during write signal paths                                                               ; On                 ;      ;    ;             ;
; Cut off feedback from I/O pins                                                                       ; On                 ;      ;    ;             ;
; Report Combined Fast/Slow Timing                                                                     ; Off                ;      ;    ;             ;
; Ignore Clock Settings                                                                                ; Off                ;      ;    ;             ;
; Analyze latches as synchronous elements                                                              ; On                 ;      ;    ;             ;
; Enable Recovery/Removal analysis                                                                     ; Off                ;      ;    ;             ;
; Enable Clock Latency                                                                                 ; Off                ;      ;    ;             ;
; Use TimeQuest Timing Analyzer                                                                        ; Off                ;      ;    ;             ;
; Number of source nodes to report per destination node                                                ; 10                 ;      ;    ;             ;
; Number of destination nodes to report                                                                ; 10                 ;      ;    ;             ;
; Number of paths to report                                                                            ; 200                ;      ;    ;             ;
; Report Minimum Timing Checks                                                                         ; Off                ;      ;    ;             ;
; Use Fast Timing Models                                                                               ; Off                ;      ;    ;             ;
; Report IO Paths Separately                                                                           ; Off                ;      ;    ;             ;
; Perform Multicorner Analysis                                                                         ; On                 ;      ;    ;             ;
; Reports the worst-case path for each clock domain and analysis                                       ; Off                ;      ;    ;             ;
; Reports worst-case timing paths for each clock domain and analysis                                   ; Off                ;      ;    ;             ;
; Specifies the maximum number of worst-case timing paths to report for each clock domain and analysis ; 100                ;      ;    ;             ;
; Removes common clock path pessimism (CCPP) during slack computation                                  ; Off                ;      ;    ;             ;
; Output I/O Timing Endpoint                                                                           ; Near End           ;      ;    ;             ;
+------------------------------------------------------------------------------------------------------+--------------------+------+----+-------------+


+------------------------------------------+
; Parallel Compilation                     ;
+----------------------------+-------------+
; Processors                 ; Number      ;
+----------------------------+-------------+
; Number detected on machine ; 4           ;
; Maximum allowed            ; 4           ;
;                            ;             ;
; Average used               ; 1.00        ;
; Maximum used               ; 1           ;
;                            ;             ;
; Usage by Processor         ; % Time Used ;
;     1 processor            ; 100.0%      ;
;     2-4 processors         ;   0.0%      ;
+----------------------------+-------------+


+----------------------------------------------------------------------+
; tpd                                                                  ;
+-------+-------------------+-----------------+------------+-----------+
; Slack ; Required P2P Time ; Actual P2P Time ; From       ; To        ;
+-------+-------------------+-----------------+------------+-----------+
; N/A   ; None              ; 10.316 ns       ; Entrada[1] ; numero[0] ;
; N/A   ; None              ; 10.218 ns       ; Entrada[0] ; numero[0] ;
; N/A   ; None              ; 10.164 ns       ; Entrada[2] ; numero[0] ;
; N/A   ; None              ; 10.117 ns       ; Entrada[1] ; numero[4] ;
; N/A   ; None              ; 10.102 ns       ; Entrada[0] ; numero[4] ;
; N/A   ; None              ; 10.084 ns       ; Entrada[2] ; numero[4] ;
; N/A   ; None              ; 9.555 ns        ; Entrada[1] ; numero[1] ;
; N/A   ; None              ; 9.541 ns        ; Entrada[0] ; numero[1] ;
; N/A   ; None              ; 9.527 ns        ; Entrada[2] ; numero[1] ;
; N/A   ; None              ; 9.260 ns        ; Entrada[1] ; numero[6] ;
; N/A   ; None              ; 9.245 ns        ; Entrada[0] ; numero[6] ;
; N/A   ; None              ; 9.242 ns        ; Entrada[1] ; numero[5] ;
; N/A   ; None              ; 9.226 ns        ; Entrada[0] ; numero[5] ;
; N/A   ; None              ; 9.224 ns        ; Entrada[2] ; numero[6] ;
; N/A   ; None              ; 9.047 ns        ; Entrada[2] ; numero[5] ;
; N/A   ; None              ; 8.982 ns        ; Entrada[0] ; numero[2] ;
; N/A   ; None              ; 8.965 ns        ; Entrada[1] ; numero[3] ;
; N/A   ; None              ; 8.961 ns        ; Entrada[1] ; numero[2] ;
; N/A   ; None              ; 8.949 ns        ; Entrada[0] ; numero[3] ;
; N/A   ; None              ; 8.933 ns        ; Entrada[2] ; numero[2] ;
; N/A   ; None              ; 8.932 ns        ; Entrada[2] ; numero[3] ;
; N/A   ; None              ; 7.089 ns        ; Entrada[3] ; led_sinal ;
+-------+-------------------+-----------------+------------+-----------+


+--------------------------+
; Timing Analyzer Messages ;
+--------------------------+
Info: *******************************************************************
Info: Running Quartus II Classic Timing Analyzer
    Info: Version 9.1 Build 350 03/24/2010 Service Pack 2 SJ Web Edition
    Info: Processing started: Sun Nov 04 17:20:22 2018
Info: Command: quartus_tan --read_settings_files=off --write_settings_files=off ULA -c ULA --timing_analysis_only
Info: Parallel compilation is enabled and will use 4 of the 4 processors detected
Info: Longest tpd from source pin "Entrada[1]" to destination pin "numero[0]" is 10.316 ns
    Info: 1: + IC(0.000 ns) + CELL(0.847 ns) = 0.847 ns; Loc. = PIN_C8; Fanout = 7; PIN Node = 'Entrada[1]'
    Info: 2: + IC(4.336 ns) + CELL(0.357 ns) = 5.540 ns; Loc. = LCCOMB_X33_Y16_N30; Fanout = 1; COMB Node = 'display_ula:inst|led_g:inst6|inst6~0'
    Info: 3: + IC(2.814 ns) + CELL(1.962 ns) = 10.316 ns; Loc. = PIN_Y14; Fanout = 0; PIN Node = 'numero[0]'
    Info: Total cell delay = 3.166 ns ( 30.69 % )
    Info: Total interconnect delay = 7.150 ns ( 69.31 % )
Info: Quartus II Classic Timing Analyzer was successful. 0 errors, 0 warnings
    Info: Peak virtual memory: 207 megabytes
    Info: Processing ended: Sun Nov 04 17:20:22 2018
    Info: Elapsed time: 00:00:00
    Info: Total CPU time (on all processors): 00:00:00


